0
10
0
0
1
0
1000
0
9223372036854775807
0
9223372036854775807
9223372036854775807
9223372036854775807
0
9223372036854775807
0
9223372036854775807
9223372036854775807
9223372036854775807
9223372036854775807
32767
9223372036854775807
9223372036854775807
9223372036854775807
127
127
127
127
127
127
127
127
127
127
16383
16383
16383
16383
16383
16383
16383
16383
16383
16383
127
95
127
119
127
0
63
127
127
111
3
15
31
16
13
31
27
8
31
31
9223372036854775807
9223372036854775807
9223372036854775807
9223372036854775807
9223372036854775807
9223372036854775807
9223372036854775807
9223372036854775807
9223372036854775807
9223372036854775807
9223372036854775807
9223372036854775807
16383
9223372036854775807
9223372036854775807
9223372036854775807
9223372036854775807
9223372036854775807
9223372036854775807
9223372036854775807
9223372036854775807
0
9223372036854775807
0
0
0
1
0
1000
0
9223372036854775807
0
9223372036854775807
9223372036854775807
0
10
